D:\VC\WDM\RELEASE\WDM.EXE
D:\VC\WDM\RELEASE\WDM.PDB
D:\VC\WDM\WDM\RELEASE\CHARDISTRIBUTION.OBJ
D:\VC\WDM\WDM\RELEASE\CHARSETDETECTOR.OBJ
D:\VC\WDM\WDM\RELEASE\CHINESECODELIB.OBJ
D:\vc\wdm\wdm\Release\cl.command.1.tlog
D:\vc\wdm\wdm\Release\CL.read.1.tlog
D:\vc\wdm\wdm\Release\CL.write.1.tlog
D:\VC\WDM\WDM\RELEASE\CONTABCTRL.OBJ
D:\VC\WDM\WDM\RELEASE\DOMTREEDLG.OBJ
D:\VC\WDM\WDM\RELEASE\DOWNLOADENGINE.OBJ
D:\VC\WDM\WDM\RELEASE\DOWNLOADHTTPFILE.OBJ
D:\VC\WDM\WDM\RELEASE\ENGINE.OBJ
D:\VC\WDM\WDM\RELEASE\EXTRACT.OBJ
D:\VC\WDM\WDM\RELEASE\JDOCUMENT.OBJ
D:\VC\WDM\WDM\RELEASE\JHTMLDOCUMENT.OBJ
D:\VC\WDM\WDM\RELEASE\JPCNTX.OBJ
D:\VC\WDM\WDM\RELEASE\JTAGWINDOW.OBJ
D:\VC\WDM\WDM\RELEASE\JTEXTEXTRACTOR.OBJ
D:\VC\WDM\WDM\RELEASE\JTREECTRL.OBJ
D:\VC\WDM\WDM\RELEASE\JUTILITY.OBJ
D:\VC\WDM\WDM\RELEASE\LANGBULGARIANMODEL.OBJ
D:\VC\WDM\WDM\RELEASE\LANGCYRILLICMODEL.OBJ
D:\VC\WDM\WDM\RELEASE\LANGGREEKMODEL.OBJ
D:\VC\WDM\WDM\RELEASE\LANGHUNGARIANMODEL.OBJ
D:\VC\WDM\WDM\RELEASE\LANGTHAIMODEL.OBJ
D:\vc\wdm\wdm\Release\link.command.1.tlog
D:\vc\wdm\wdm\Release\link.read.1.tlog
D:\vc\wdm\wdm\Release\link.write.1.tlog
D:\vc\wdm\wdm\Release\link-cvtres.read.1.tlog
D:\vc\wdm\wdm\Release\link-cvtres.write.1.tlog
D:\vc\wdm\wdm\Release\mt.command.1.tlog
D:\vc\wdm\wdm\Release\mt.read.1.tlog
D:\vc\wdm\wdm\Release\mt.write.1.tlog
D:\VC\WDM\WDM\RELEASE\NSBIG5PROBER.OBJ
D:\VC\WDM\WDM\RELEASE\NSESCCHARSETPROBER.OBJ
D:\VC\WDM\WDM\RELEASE\NSESCSM.OBJ
D:\VC\WDM\WDM\RELEASE\NSEUCJPPROBER.OBJ
D:\VC\WDM\WDM\RELEASE\NSEUCKRPROBER.OBJ
D:\VC\WDM\WDM\RELEASE\NSEUCTWPROBER.OBJ
D:\VC\WDM\WDM\RELEASE\NSGB2312PROBER.OBJ
D:\VC\WDM\WDM\RELEASE\NSLATIN1PROBER.OBJ
D:\VC\WDM\WDM\RELEASE\NSMBCSGROUPPROBER.OBJ
D:\VC\WDM\WDM\RELEASE\NSMBCSSM.OBJ
D:\VC\WDM\WDM\RELEASE\NSSBCHARSETPROBER.OBJ
D:\VC\WDM\WDM\RELEASE\NSSBCSGROUPPROBER.OBJ
D:\VC\WDM\WDM\RELEASE\NSSJISPROBER.OBJ
D:\VC\WDM\WDM\RELEASE\NSUNIVERSALDETECTOR.OBJ
D:\VC\WDM\WDM\RELEASE\NSUTF8PROBER.OBJ
D:\vc\wdm\wdm\Release\rc.command.1.tlog
D:\vc\wdm\wdm\Release\rc.read.1.tlog
D:\vc\wdm\wdm\Release\rc.write.1.tlog
D:\VC\WDM\WDM\RELEASE\STDAFX.OBJ
D:\VC\WDM\WDM\RELEASE\TEXTDLG.OBJ
D:\VC\WDM\WDM\RELEASE\TEXTEXTRACTOR.OBJ
D:\VC\WDM\WDM\RELEASE\URL.OBJ
D:\VC\WDM\WDM\RELEASE\VC100.PDB
D:\VC\WDM\WDM\RELEASE\WDM.EXE.INTERMEDIATE.MANIFEST
D:\VC\WDM\WDM\RELEASE\WDM.OBJ
D:\VC\WDM\WDM\RELEASE\WDM.PCH
D:\VC\WDM\WDM\RELEASE\WDM.RES
D:\VC\WDM\WDM\RELEASE\WDMDLG.OBJ
