D:\VC\WDM\DEBUG\WDM.EXE
D:\VC\WDM\DEBUG\WDM.ILK
D:\VC\WDM\DEBUG\WDM.PDB
D:\VC\WDM\WDM\DEBUG\CHARDISTRIBUTION.OBJ
D:\VC\WDM\WDM\DEBUG\CHARSETDETECTOR.OBJ
D:\VC\WDM\WDM\DEBUG\CHINESECODELIB.OBJ
D:\vc\wdm\wdm\Debug\cl.command.1.tlog
D:\vc\wdm\wdm\Debug\CL.read.1.tlog
D:\vc\wdm\wdm\Debug\CL.write.1.tlog
D:\VC\WDM\WDM\DEBUG\CONTABCTRL.OBJ
D:\VC\WDM\WDM\DEBUG\DOMTREEDLG.OBJ
D:\VC\WDM\WDM\DEBUG\DOWNLOADENGINE.OBJ
D:\VC\WDM\WDM\DEBUG\DOWNLOADHTTPFILE.OBJ
D:\VC\WDM\WDM\DEBUG\ENGINE.OBJ
D:\VC\WDM\WDM\DEBUG\EXTRACT.OBJ
D:\VC\WDM\WDM\DEBUG\JDOCUMENT.OBJ
D:\VC\WDM\WDM\DEBUG\JHTMLDOCUMENT.OBJ
D:\VC\WDM\WDM\DEBUG\JPCNTX.OBJ
D:\VC\WDM\WDM\DEBUG\JTAGWINDOW.OBJ
D:\VC\WDM\WDM\DEBUG\JTEXTEXTRACTOR.OBJ
D:\VC\WDM\WDM\DEBUG\JTREECTRL.OBJ
D:\VC\WDM\WDM\DEBUG\JUTILITY.OBJ
D:\VC\WDM\WDM\DEBUG\LANGBULGARIANMODEL.OBJ
D:\VC\WDM\WDM\DEBUG\LANGCYRILLICMODEL.OBJ
D:\VC\WDM\WDM\DEBUG\LANGGREEKMODEL.OBJ
D:\VC\WDM\WDM\DEBUG\LANGHUNGARIANMODEL.OBJ
D:\VC\WDM\WDM\DEBUG\LANGTHAIMODEL.OBJ
D:\vc\wdm\wdm\Debug\link.1176.read.1.tlog
D:\vc\wdm\wdm\Debug\link.1176.read.2.tlog
D:\vc\wdm\wdm\Debug\link.1176.write.1.tlog
D:\vc\wdm\wdm\Debug\link.1176-cvtres.read.1.tlog
D:\vc\wdm\wdm\Debug\link.1176-cvtres.write.1.tlog
D:\vc\wdm\wdm\Debug\link.1356.read.1.tlog
D:\vc\wdm\wdm\Debug\link.1356.read.2.tlog
D:\vc\wdm\wdm\Debug\link.1356.write.1.tlog
D:\vc\wdm\wdm\Debug\link.1356-cvtres.read.1.tlog
D:\vc\wdm\wdm\Debug\link.1356-cvtres.write.1.tlog
D:\vc\wdm\wdm\Debug\link.1576.read.1.tlog
D:\vc\wdm\wdm\Debug\link.1576.read.2.tlog
D:\vc\wdm\wdm\Debug\link.1576.write.1.tlog
D:\vc\wdm\wdm\Debug\link.1576-cvtres.read.1.tlog
D:\vc\wdm\wdm\Debug\link.1576-cvtres.write.1.tlog
D:\vc\wdm\wdm\Debug\link.3916.read.1.tlog
D:\vc\wdm\wdm\Debug\link.3916.read.2.tlog
D:\vc\wdm\wdm\Debug\link.3916.write.1.tlog
D:\vc\wdm\wdm\Debug\link.3916-cvtres.read.1.tlog
D:\vc\wdm\wdm\Debug\link.3916-cvtres.write.1.tlog
D:\vc\wdm\wdm\Debug\link.command.1.tlog
D:\vc\wdm\wdm\Debug\link.read.1.tlog
D:\vc\wdm\wdm\Debug\link.read.2.tlog
D:\vc\wdm\wdm\Debug\link.write.1.tlog
D:\vc\wdm\wdm\Debug\link-cvtres.read.1.tlog
D:\vc\wdm\wdm\Debug\link-cvtres.write.1.tlog
D:\vc\wdm\wdm\Debug\mt.command.1.tlog
D:\vc\wdm\wdm\Debug\mt.read.1.tlog
D:\vc\wdm\wdm\Debug\mt.write.1.tlog
D:\VC\WDM\WDM\DEBUG\NSBIG5PROBER.OBJ
D:\VC\WDM\WDM\DEBUG\NSESCCHARSETPROBER.OBJ
D:\VC\WDM\WDM\DEBUG\NSESCSM.OBJ
D:\VC\WDM\WDM\DEBUG\NSEUCJPPROBER.OBJ
D:\VC\WDM\WDM\DEBUG\NSEUCKRPROBER.OBJ
D:\VC\WDM\WDM\DEBUG\NSEUCTWPROBER.OBJ
D:\VC\WDM\WDM\DEBUG\NSGB2312PROBER.OBJ
D:\VC\WDM\WDM\DEBUG\NSLATIN1PROBER.OBJ
D:\VC\WDM\WDM\DEBUG\NSMBCSGROUPPROBER.OBJ
D:\VC\WDM\WDM\DEBUG\NSMBCSSM.OBJ
D:\VC\WDM\WDM\DEBUG\NSSBCHARSETPROBER.OBJ
D:\VC\WDM\WDM\DEBUG\NSSBCSGROUPPROBER.OBJ
D:\VC\WDM\WDM\DEBUG\NSSJISPROBER.OBJ
D:\VC\WDM\WDM\DEBUG\NSUNIVERSALDETECTOR.OBJ
D:\VC\WDM\WDM\DEBUG\NSUTF8PROBER.OBJ
D:\vc\wdm\wdm\Debug\rc.command.1.tlog
D:\vc\wdm\wdm\Debug\rc.read.1.tlog
D:\vc\wdm\wdm\Debug\rc.write.1.tlog
D:\VC\WDM\WDM\DEBUG\STDAFX.OBJ
D:\VC\WDM\WDM\DEBUG\TEXTDLG.OBJ
D:\VC\WDM\WDM\DEBUG\TEXTEXTRACTOR.OBJ
D:\VC\WDM\WDM\DEBUG\URL.OBJ
D:\vc\wdm\wdm\Debug\vc100.idb
D:\VC\WDM\WDM\DEBUG\VC100.PDB
D:\VC\WDM\WDM\DEBUG\WDM.EXE.EMBED.MANIFEST
D:\VC\WDM\WDM\DEBUG\WDM.EXE.EMBED.MANIFEST.RES
D:\VC\WDM\WDM\DEBUG\WDM.EXE.INTERMEDIATE.MANIFEST
D:\VC\WDM\WDM\DEBUG\WDM.OBJ
D:\VC\WDM\WDM\DEBUG\WDM.PCH
D:\VC\WDM\WDM\DEBUG\WDM.RES
D:\vc\wdm\wdm\Debug\wdm_manifest.rc
D:\VC\WDM\WDM\DEBUG\WDMDLG.OBJ
